00:00:00.000169 main     VirtualBox XPCOM Server 6.1.26 r145957 linux.amd64 (Jul 29 2021 12:15:28) release log
00:00:00.000170 main     Log opened 2021-07-31T01:22:44.006337000Z
00:00:00.000171 main     Build Type: release
00:00:00.000172 main     OS Product: Linux
00:00:00.000173 main     OS Release: 5.13.5-arch1-1
00:00:00.000174 main     OS Version: #1 SMP PREEMPT Sun, 25 Jul 2021 18:02:58 +0000
00:00:00.000188 main     DMI Product Name: To Be Filled By O.E.M.
00:00:00.000193 main     DMI Product Version: To Be Filled By O.E.M.
00:00:00.000198 main     Firmware type: BIOS
00:00:00.000220 main     Host RAM: 15681MB (15.3GB) total, 15026MB (14.6GB) available
00:00:00.000222 main     Executable: /usr/lib/virtualbox/VBoxSVC
00:00:00.000223 main     Process ID: 23354
00:00:00.000223 main     Package type: LINUX_64BITS_GENERIC (OSE)
00:00:00.001490 main     IPC socket path: /tmp/.vbox-ad-ipc/ipcd
00:00:00.106129 nspr-2   VirtualBox: object creation starts
00:00:00.106177 nspr-2   Home directory: '/home/ad/.config/VirtualBox'
00:00:00.106514 nspr-2   Loading settings file "/home/ad/.config/VirtualBox/VirtualBox.xml" with version "1.12-linux"
00:00:00.108074 nspr-2   Successfully initialised host USB using sysfs
00:00:00.111926 nspr-2   NetIfAdpCtlOut: VBoxNetAdpCtl: Error while retrieving link speed for wlp4s0: VBoxNetAdpCtl: ioctl failed: Operation not supported
00:00:00.112412 nspr-2   HostDnsMonitor: initializing
00:00:00.112731 nspr-2   NAT: resolv.conf: nameserver 192.168.1.1
00:00:00.112742 nspr-2   HostDnsMonitor: updating information
00:00:00.112764 nspr-2   HostDnsMonitor: old information
00:00:00.112766 nspr-2     no server entries
00:00:00.112768 nspr-2     no domain set
00:00:00.112770 nspr-2     no search string entries
00:00:00.112772 nspr-2   HostDnsMonitor: new information
00:00:00.112773 nspr-2     server 1: 192.168.1.1
00:00:00.112775 nspr-2     no domain set
00:00:00.112777 nspr-2     no search string entries
00:00:00.115393 nspr-2   VD: VDInit finished with VINF_SUCCESS
00:00:00.122544 nspr-2   Loading settings file "/home/ad/VirtualBox VMs/Debian 11/Debian 11.vbox" with version "1.16-linux"
00:00:00.123451 nspr-2   OCI: Local config file '/home/ad/.config/VirtualBox/oci_config' does not exist
00:00:00.123464 nspr-2   OCI: Original config file '/home/ad/.oci/config' does not exist
00:00:00.123466 nspr-2   OCI: Reading profiles finished with status NS_OK
00:00:00.123470 nspr-2   ExtPack: Created cloud provider 'OCI' (hrc=NS_OK)
00:00:00.123479 nspr-2   VirtualBox: object created
00:00:10.815821 nspr-5   Saving settings file "/home/ad/.config/VirtualBox/VirtualBox.xml" with version "1.12-linux"
00:00:47.802799 createBase Saving settings file "/home/ad/.config/VirtualBox/VirtualBox.xml" with version "1.12-linux"
00:00:48.342895 nspr-4   Saving settings file "/home/ad/VirtualBox VMs/Debian/Debian.vbox" with version "1.16-linux"
00:00:48.347405 nspr-3   Saving settings file "/home/ad/VirtualBox VMs/Debian/Debian.vbox" with version "1.16-linux"
00:00:48.351028 nspr-3   Saving settings file "/home/ad/.config/VirtualBox/VirtualBox.xml" with version "1.12-linux"
00:00:48.357424 nspr-3   Saving settings file "/home/ad/.config/VirtualBox/VirtualBox.xml" with version "1.12-linux"
00:00:48.361793 nspr-4   Saving settings file "/home/ad/VirtualBox VMs/Debian/Debian.vbox" with version "1.16-linux"
00:00:50.373008 nspr-5   NetIfAdpCtlOut: VBoxNetAdpCtl: Error while retrieving link speed for wlp4s0: VBoxNetAdpCtl: ioctl failed: Operation not supported
00:00:50.379620 nspr-5   NetIfAdpCtlOut: VBoxNetAdpCtl: Error while retrieving link speed for wlp4s0: VBoxNetAdpCtl: ioctl failed: Operation not supported
00:01:13.390470 nspr-3   Saving settings file "/home/ad/VirtualBox VMs/Debian/Debian.vbox" with version "1.16-linux"
00:01:14.470311 nspr-4   Launched VM: 2483033888 pid: 23435 (0x5b8b) frontend: GUI/Qt name: Debian
00:01:15.234220 nspr-2   Load [/usr/lib/virtualbox/ExtensionPacks/Oracle_VM_VirtualBox_Extension_Pack/linux.amd64/VBoxHostWebcam.so] vrc=VINF_SUCCESS
00:01:15.293345 nspr-3   ERROR [COM]: aRC=VBOX_E_IPRT_ERROR (0x80bb0005) aIID={85632c68-b5bb-4316-a900-5eb28d3413df} aComponent={SessionMachine} aText={Saved screenshot data is not available (VERR_NOT_SUPPORTED)}, preserve=false aResultDetail=-37
00:01:15.307122 nspr-3   NetIfAdpCtlOut: VBoxNetAdpCtl: Error while retrieving link speed for wlp4s0: VBoxNetAdpCtl: ioctl failed: Operation not supported
00:01:21.022866 nspr-4   Saving settings file "/home/ad/.config/VirtualBox/VirtualBox.xml" with version "1.12-linux"
00:01:24.189181 nspr-2   Saving settings file "/home/ad/.config/VirtualBox/VirtualBox.xml" with version "1.12-linux"
00:01:24.196574 nspr-4   Saving settings file "/home/ad/VirtualBox VMs/Debian/Debian.vbox" with version "1.16-linux"
00:13:37.586885 nspr-6   Saving settings file "/home/ad/VirtualBox VMs/Debian/Debian.vbox" with version "1.16-linux"
00:14:20.313704 nspr-6   Saving settings file "/home/ad/VirtualBox VMs/Debian/Debian.vbox" with version "1.16-linux"
00:14:20.423482 nspr-3   Saving settings file "/home/ad/VirtualBox VMs/Debian/Debian.vbox" with version "1.16-linux"
00:14:21.264800 nspr-7   Saving settings file "/home/ad/VirtualBox VMs/Debian/Debian.vbox" with version "1.16-linux"
00:14:21.308453 nspr-2   Saving settings file "/home/ad/VirtualBox VMs/Debian/Debian.vbox" with version "1.16-linux"
00:14:24.167961 nspr-4   NetIfAdpCtlOut: VBoxNetAdpCtl: Error while retrieving link speed for wlp4s0: VBoxNetAdpCtl: ioctl failed: Operation not supported
00:14:24.174577 nspr-4   NetIfAdpCtlOut: VBoxNetAdpCtl: Error while retrieving link speed for wlp4s0: VBoxNetAdpCtl: ioctl failed: Operation not supported
00:14:54.023734 nspr-2   Saving settings file "/home/ad/VirtualBox VMs/Debian/Debian.vbox" with version "1.16-linux"
00:14:55.181312 nspr-2   Launched VM: 2483035088 pid: 24275 (0x5ed3) frontend: GUI/Qt name: Debian
00:14:55.915090 nspr-8   Load [/usr/lib/virtualbox/ExtensionPacks/Oracle_VM_VirtualBox_Extension_Pack/linux.amd64/VBoxHostWebcam.so] vrc=VINF_SUCCESS
00:14:55.967280 nspr-6   ERROR [COM]: aRC=VBOX_E_IPRT_ERROR (0x80bb0005) aIID={85632c68-b5bb-4316-a900-5eb28d3413df} aComponent={SessionMachine} aText={Saved screenshot data is not available (VERR_NOT_SUPPORTED)}, preserve=false aResultDetail=-37
00:14:55.978782 nspr-7   NetIfAdpCtlOut: VBoxNetAdpCtl: Error while retrieving link speed for wlp4s0: VBoxNetAdpCtl: ioctl failed: Operation not supported
00:20:15.740366 nspr-3   Saving settings file "/home/ad/VirtualBox VMs/Debian/Debian.vbox" with version "1.16-linux"
00:20:15.761177 nspr-3   Saving settings file "/home/ad/VirtualBox VMs/Debian/Debian.vbox" with version "1.16-linux"
00:20:17.013086 nspr-5   Saving settings file "/home/ad/.config/VirtualBox/VirtualBox.xml" with version "1.12-linux"
00:20:17.019008 nspr-2   Saving settings file "/home/ad/.config/VirtualBox/VirtualBox.xml" with version "1.12-linux"
00:20:17.024945 nspr-7   Saving settings file "/home/ad/.config/VirtualBox/VirtualBox.xml" with version "1.12-linux"
00:20:22.550423 main     VirtualBox: object deletion starts
00:20:22.550503 main     ERROR [COM]: aRC=VBOX_E_OBJECT_IN_USE (0x80bb000c) aIID={ad47ad09-787b-44ab-b343-a082a3f2dfb1} aComponent={MediumWrap} aText={Medium '/home/ad/VirtualBox VMs/Debian/Debian.vdi' cannot be closed because it is still attached to 1 virtual machines}, preserve=false aResultDetail=0
00:20:22.551866 main     HostDnsMonitor: shutting down ...
00:20:22.564819 main     HostDnsMonitor: shut down
00:20:22.750278 Watcher  ERROR [COM]: aRC=E_ACCESSDENIED (0x80070005) aIID={d0a0163f-e254-4e5b-a1f2-011cf991c38d} aComponent={VirtualBoxWrap} aText={The object is not ready}, preserve=false aResultDetail=0
00:20:27.056495 main     VirtualBox: object deleted
